<?xml version="1.0" encoding="UTF-8"?>
<testsuite name="com.fullcycle.FCCatalogo.FcCatalogoApplicationTests" tests="1" skipped="0" failures="0" errors="0" timestamp="2021-11-09T02:05:55" hostname="c412884a65ca" time="1.431">
  <properties/>
  <testcase name="contextLoads()" classname="com.fullcycle.FCCatalogo.FcCatalogoApplicationTests" time="1.431"/>
  <system-out><![CDATA[02:05:39.788 [Test worker] DEBUG org.springframework.test.context.BootstrapUtils - Instantiating CacheAwareContextLoaderDelegate from class [org.springframework.test.context.cache.DefaultCacheAwareContextLoaderDelegate]
02:05:40.135 [Test worker] DEBUG org.springframework.test.context.BootstrapUtils - Instantiating BootstrapContext using constructor [public org.springframework.test.context.support.DefaultBootstrapContext(java.lang.Class,org.springframework.test.context.CacheAwareContextLoaderDelegate)]
02:05:40.578 [Test worker] DEBUG org.springframework.test.context.BootstrapUtils - Instantiating TestContextBootstrapper for test class [com.fullcycle.FCCatalogo.FcCatalogoApplicationTests] from class [org.springframework.boot.test.context.SpringBootTestContextBootstrapper]
02:05:40.771 [Test worker] INFO org.springframework.boot.test.context.SpringBootTestContextBootstrapper - Neither @ContextConfiguration nor @ContextHierarchy found for test class [com.fullcycle.FCCatalogo.FcCatalogoApplicationTests], using SpringBootContextLoader
02:05:40.869 [Test worker] DEBUG org.springframework.test.context.support.AbstractContextLoader - Did not detect default resource location for test class [com.fullcycle.FCCatalogo.FcCatalogoApplicationTests]: class path resource [com/fullcycle/FCCatalogo/FcCatalogoApplicationTests-context.xml] does not exist
02:05:40.877 [Test worker] DEBUG org.springframework.test.context.support.AbstractContextLoader - Did not detect default resource location for test class [com.fullcycle.FCCatalogo.FcCatalogoApplicationTests]: class path resource [com/fullcycle/FCCatalogo/FcCatalogoApplicationTestsContext.groovy] does not exist
02:05:40.878 [Test worker] INFO org.springframework.test.context.support.AbstractContextLoader - Could not detect default resource locations for test class [com.fullcycle.FCCatalogo.FcCatalogoApplicationTests]: no resource found for suffixes {-context.xml, Context.groovy}.
02:05:40.881 [Test worker] INFO org.springframework.test.context.support.AnnotationConfigContextLoaderUtils - Could not detect default configuration classes for test class [com.fullcycle.FCCatalogo.FcCatalogoApplicationTests]: FcCatalogoApplicationTests does not declare any static, non-private, non-final, nested classes annotated with @Configuration.
02:05:41.473 [Test worker] DEBUG org.springframework.test.context.support.ActiveProfilesUtils - Could not find an 'annotation declaring class' for annotation type [org.springframework.test.context.ActiveProfiles] and class [com.fullcycle.FCCatalogo.FcCatalogoApplicationTests]
02:05:41.801 [Test worker] DEBUG org.springframework.context.annotation.ClassPathScanningCandidateComponentProvider - Identified candidate component class: file [/app/build/classes/java/main/com/fullcycle/FCCatalogo/FcCatalogoApplication.class]
02:05:41.808 [Test worker] INFO org.springframework.boot.test.context.SpringBootTestContextBootstrapper - Found @SpringBootConfiguration com.fullcycle.FCCatalogo.FcCatalogoApplication for test class com.fullcycle.FCCatalogo.FcCatalogoApplicationTests
02:05:42.436 [Test worker] DEBUG org.springframework.boot.test.context.SpringBootTestContextBootstrapper - @TestExecutionListeners is not present for class [com.fullcycle.FCCatalogo.FcCatalogoApplicationTests]: using defaults.
02:05:42.440 [Test worker] INFO org.springframework.boot.test.context.SpringBootTestContextBootstrapper - Loaded default TestExecutionListener class names from location [META-INF/spring.factories]: [org.springframework.boot.test.autoconfigure.restdocs.RestDocsTestExecutionListener, org.springframework.boot.test.autoconfigure.web.client.MockRestServiceServerResetTestExecutionListener, org.springframework.boot.test.autoconfigure.web.servlet.MockMvcPrintOnlyOnFailureTestExecutionListener, org.springframework.boot.test.autoconfigure.web.servlet.WebDriverTestExecutionListener, org.springframework.boot.test.autoconfigure.webservices.client.MockWebServiceServerTestExecutionListener, org.springframework.boot.test.mock.mockito.MockitoTestExecutionListener, org.springframework.boot.test.mock.mockito.ResetMocksTestExecutionListener, org.springframework.test.context.web.ServletTestExecutionListener, org.springframework.test.context.support.DirtiesContextBeforeModesTestExecutionListener, org.springframework.test.context.event.ApplicationEventsTestExecutionListener, org.springframework.test.context.support.DependencyInjectionTestExecutionListener, org.springframework.test.context.support.DirtiesContextTestExecutionListener, org.springframework.test.context.transaction.TransactionalTestExecutionListener, org.springframework.test.context.jdbc.SqlScriptsTestExecutionListener, org.springframework.test.context.event.EventPublishingTestExecutionListener]
02:05:42.525 [Test worker] DEBUG org.springframework.boot.test.context.SpringBootTestContextBootstrapper - Skipping candidate TestExecutionListener [org.springframework.test.context.transaction.TransactionalTestExecutionListener] due to a missing dependency. Specify custom listener classes or make the default listener classes and their required dependencies available. Offending class: [org/springframework/transaction/interceptor/TransactionAttributeSource]
02:05:42.531 [Test worker] DEBUG org.springframework.boot.test.context.SpringBootTestContextBootstrapper - Skipping candidate TestExecutionListener [org.springframework.test.context.jdbc.SqlScriptsTestExecutionListener] due to a missing dependency. Specify custom listener classes or make the default listener classes and their required dependencies available. Offending class: [org/springframework/transaction/interceptor/TransactionAttribute]
02:05:42.532 [Test worker] INFO org.springframework.boot.test.context.SpringBootTestContextBootstrapper - Using TestExecutionListeners: [org.springframework.test.context.web.ServletTestExecutionListener@65b3a85a, org.springframework.test.context.support.DirtiesContextBeforeModesTestExecutionListener@34997338, org.springframework.test.context.event.ApplicationEventsTestExecutionListener@57eda880, org.springframework.boot.test.mock.mockito.MockitoTestExecutionListener@2b5825fa, org.springframework.boot.test.autoconfigure.SpringBootDependencyInjectionTestExecutionListener@53d1b9b3, org.springframework.test.context.support.DirtiesContextTestExecutionListener@2cae1042, org.springframework.test.context.event.EventPublishingTestExecutionListener@163d04ff, org.springframework.boot.test.autoconfigure.restdocs.RestDocsTestExecutionListener@7c209437, org.springframework.boot.test.autoconfigure.web.client.MockRestServiceServerResetTestExecutionListener@2262b621, org.springframework.boot.test.autoconfigure.web.servlet.MockMvcPrintOnlyOnFailureTestExecutionListener@7e928e2f, org.springframework.boot.test.autoconfigure.web.servlet.WebDriverTestExecutionListener@f667fe, org.springframework.boot.test.autoconfigure.webservices.client.MockWebServiceServerTestExecutionListener@788fcafb, org.springframework.boot.test.mock.mockito.ResetMocksTestExecutionListener@4febb875]
02:05:42.566 [Test worker] DEBUG org.springframework.test.context.support.AbstractDirtiesContextTestExecutionListener - Before test class: context [DefaultTestContext@6821ea29 testClass = FcCatalogoApplicationTests, testInstance = [null], testMethod = [null], testException = [null], mergedContextConfiguration = [WebMergedContextConfiguration@338494fa testClass = FcCatalogoApplicationTests, locations = '{}', classes = '{class com.fullcycle.FCCatalogo.FcCatalogoApplication}', contextInitializerClasses = '[]', activeProfiles = '{}', propertySourceLocations = '{}', propertySourceProperties = '{org.springframework.boot.test.context.SpringBootTestContextBootstrapper=true}', contextCustomizers = set[org.springframework.boot.test.autoconfigure.actuate.metrics.MetricsExportContextCustomizerFactory$DisableMetricExportContextCustomizer@3081f72c, org.springframework.boot.test.autoconfigure.properties.PropertyMappingContextCustomizer@0, org.springframework.boot.test.autoconfigure.web.servlet.WebDriverContextCustomizerFactory$Customizer@37e4d7bb, org.springframework.boot.test.context.filter.ExcludeFilterContextCustomizer@63611043, org.springframework.boot.test.json.DuplicateJsonObjectContextCustomizerFactory$DuplicateJsonObjectContextCustomizer@73302995, org.springframework.boot.test.mock.mockito.MockitoContextCustomizer@0, org.springframework.boot.test.web.client.TestRestTemplateContextCustomizer@73d983ea, org.springframework.boot.test.context.SpringBootTestArgs@1, org.springframework.boot.test.context.SpringBootTestWebEnvironment@77f1baf5], resourceBasePath = 'src/main/webapp', contextLoader = 'org.springframework.boot.test.context.SpringBootContextLoader', parent = [null]], attributes = map['org.springframework.test.context.web.ServletTestExecutionListener.activateListener' -> true]], class annotated with @DirtiesContext [false] with mode [null].
02:05:42.853 [Test worker] DEBUG org.springframework.test.context.support.TestPropertySourceUtils - Adding inlined properties to environment: {spring.jmx.enabled=false, org.springframework.boot.test.context.SpringBootTestContextBootstrapper=true}

  .   ____          _            __ _ _
 /\\ / ___'_ __ _ _(_)_ __  __ _ \ \ \ \
( ( )\___ | '_ | '_| | '_ \/ _` | \ \ \ \
 \\/  ___)| |_)| | | | | || (_| |  ) ) ) )
  '  |____| .__|_| |_|_| |_\__, | / / / /
 =========|_|==============|___/=/_/_/_/
 :: Spring Boot ::                (v2.5.5)

2021-11-09 02:05:46.568  INFO 3643 --- [    Test worker] c.f.F.FcCatalogoApplicationTests         : Starting FcCatalogoApplicationTests using Java 11.0.13 on c412884a65ca with PID 3643 (started by gradle in /app)
2021-11-09 02:05:46.600  INFO 3643 --- [    Test worker] c.f.F.FcCatalogoApplicationTests         : No active profile set, falling back to default profiles: default
2021-11-09 02:05:55.073  INFO 3643 --- [    Test worker] c.f.F.FcCatalogoApplicationTests         : Started FcCatalogoApplicationTests in 12.15 seconds (JVM running for 19.096)
Genre id name categories: 131e0b8a-bddd-4fcf-86ff-f57f8e4f2b5f Genre 1 [com.fullcycle.FCCatalogo.domain.entity.Category@5b5dce5c]
]]></system-out>
  <system-err><![CDATA[]]></system-err>
</testsuite>
