<?xml version="1.0" encoding="UTF-8"?>
<testsuite name="com.fullcycle.FCCatalogo.domain.entity.CastMemberTests" tests="8" skipped="0" failures="0" errors="0" timestamp="2021-11-09T02:05:56" hostname="c412884a65ca" time="0.622">
  <properties/>
  <testcase name="throwIllegalArgumentExceptionWhenNameIsNullAndTypeIsNull()" classname="com.fullcycle.FCCatalogo.domain.entity.CastMemberTests" time="0.017"/>
  <testcase name="throwIllegalArgumentExceptionWhenNameIsBlank()" classname="com.fullcycle.FCCatalogo.domain.entity.CastMemberTests" time="0.019"/>
  <testcase name="createCastMemberWithNameAndTypeTest()" classname="com.fullcycle.FCCatalogo.domain.entity.CastMemberTests" time="0.02"/>
  <testcase name="createCastMemberWithNameTest()" classname="com.fullcycle.FCCatalogo.domain.entity.CastMemberTests" time="0.02"/>
  <testcase name="throwIllegalArgumentExceptionWhenTypeIsNotValid()" classname="com.fullcycle.FCCatalogo.domain.entity.CastMemberTests" time="0.508"/>
  <testcase name="throwIllegalArgumentExceptionWhenTypeIsNull()" classname="com.fullcycle.FCCatalogo.domain.entity.CastMemberTests" time="0.013"/>
  <testcase name="throwIllegalArgumentExceptionWhenNameIsBlankAndTypeIsNull()" classname="com.fullcycle.FCCatalogo.domain.entity.CastMemberTests" time="0.012"/>
  <testcase name="throwIllegalArgumentExceptionWhenNameIsNull()" classname="com.fullcycle.FCCatalogo.domain.entity.CastMemberTests" time="0.009"/>
  <system-out><![CDATA[2021-11-09 02:05:56.592  INFO 3643 --- [    Test worker] .b.t.c.SpringBootTestContextBootstrapper : Neither @ContextConfiguration nor @ContextHierarchy found for test class [com.fullcycle.FCCatalogo.domain.entity.CastMemberTests], using SpringBootContextLoader
2021-11-09 02:05:56.599  INFO 3643 --- [    Test worker] o.s.t.c.support.AbstractContextLoader    : Could not detect default resource locations for test class [com.fullcycle.FCCatalogo.domain.entity.CastMemberTests]: no resource found for suffixes {-context.xml, Context.groovy}.
2021-11-09 02:05:56.599  INFO 3643 --- [    Test worker] t.c.s.AnnotationConfigContextLoaderUtils : Could not detect default configuration classes for test class [com.fullcycle.FCCatalogo.domain.entity.CastMemberTests]: CastMemberTests does not declare any static, non-private, non-final, nested classes annotated with @Configuration.
2021-11-09 02:05:56.616  INFO 3643 --- [    Test worker] .b.t.c.SpringBootTestContextBootstrapper : Found @SpringBootConfiguration com.fullcycle.FCCatalogo.FcCatalogoApplication for test class com.fullcycle.FCCatalogo.domain.entity.CastMemberTests
2021-11-09 02:05:56.623  INFO 3643 --- [    Test worker] .b.t.c.SpringBootTestContextBootstrapper : Loaded default TestExecutionListener class names from location [META-INF/spring.factories]: [org.springframework.boot.test.autoconfigure.restdocs.RestDocsTestExecutionListener, org.springframework.boot.test.autoconfigure.web.client.MockRestServiceServerResetTestExecutionListener, org.springframework.boot.test.autoconfigure.web.servlet.MockMvcPrintOnlyOnFailureTestExecutionListener, org.springframework.boot.test.autoconfigure.web.servlet.WebDriverTestExecutionListener, org.springframework.boot.test.autoconfigure.webservices.client.MockWebServiceServerTestExecutionListener, org.springframework.boot.test.mock.mockito.MockitoTestExecutionListener, org.springframework.boot.test.mock.mockito.ResetMocksTestExecutionListener, org.springframework.test.context.web.ServletTestExecutionListener, org.springframework.test.context.support.DirtiesContextBeforeModesTestExecutionListener, org.springframework.test.context.event.ApplicationEventsTestExecutionListener, org.springframework.test.context.support.DependencyInjectionTestExecutionListener, org.springframework.test.context.support.DirtiesContextTestExecutionListener, org.springframework.test.context.transaction.TransactionalTestExecutionListener, org.springframework.test.context.jdbc.SqlScriptsTestExecutionListener, org.springframework.test.context.event.EventPublishingTestExecutionListener]
2021-11-09 02:05:56.629  INFO 3643 --- [    Test worker] .b.t.c.SpringBootTestContextBootstrapper : Using TestExecutionListeners: [org.springframework.test.context.web.ServletTestExecutionListener@1f536481, org.springframework.test.context.support.DirtiesContextBeforeModesTestExecutionListener@5234b61a, org.springframework.test.context.event.ApplicationEventsTestExecutionListener@22a260ff, org.springframework.boot.test.mock.mockito.MockitoTestExecutionListener@54c425b1, org.springframework.boot.test.autoconfigure.SpringBootDependencyInjectionTestExecutionListener@50b734c4, org.springframework.test.context.support.DirtiesContextTestExecutionListener@2744dcae, org.springframework.test.context.event.EventPublishingTestExecutionListener@16d0e521, org.springframework.boot.test.autoconfigure.restdocs.RestDocsTestExecutionListener@634ca3e7, org.springframework.boot.test.autoconfigure.web.client.MockRestServiceServerResetTestExecutionListener@ab4aa5e, org.springframework.boot.test.autoconfigure.web.servlet.MockMvcPrintOnlyOnFailureTestExecutionListener@b14b60a, org.springframework.boot.test.autoconfigure.web.servlet.WebDriverTestExecutionListener@1a7cb3a4, org.springframework.boot.test.autoconfigure.webservices.client.MockWebServiceServerTestExecutionListener@1c297897, org.springframework.boot.test.mock.mockito.ResetMocksTestExecutionListener@33e0c716]
]]></system-out>
  <system-err><![CDATA[]]></system-err>
</testsuite>
