<?xml version="1.0" encoding="UTF-8"?>
<testsuite name="com.fullcycle.FCCatalogo.domain.entity.GenreTests" tests="8" skipped="0" failures="0" errors="0" timestamp="2021-11-09T02:05:57" hostname="c412884a65ca" time="0.09">
  <properties/>
  <testcase name="addCategoryToGenreTest()" classname="com.fullcycle.FCCatalogo.domain.entity.GenreTests" time="0.013"/>
  <testcase name="removeCategoryToGenreTest()" classname="com.fullcycle.FCCatalogo.domain.entity.GenreTests" time="0.011"/>
  <testcase name="throwIllegalArgumentExceptionWhenNameIsBlank()" classname="com.fullcycle.FCCatalogo.domain.entity.GenreTests" time="0.009"/>
  <testcase name="createGenreWithNameTest()" classname="com.fullcycle.FCCatalogo.domain.entity.GenreTests" time="0.013"/>
  <testcase name="throwIllegalArgumentExceptionWhenNameIsBlankAndCategoriesIsNull()" classname="com.fullcycle.FCCatalogo.domain.entity.GenreTests" time="0.01"/>
  <testcase name="throwIllegalArgumentExceptionWhenNameIsNull()" classname="com.fullcycle.FCCatalogo.domain.entity.GenreTests" time="0.009"/>
  <testcase name="createGenreWithNameAndCategoriesTest()" classname="com.fullcycle.FCCatalogo.domain.entity.GenreTests" time="0.012"/>
  <testcase name="throwIllegalArgumentExceptionWhenNameIsNullAndCategoriesIsNull()" classname="com.fullcycle.FCCatalogo.domain.entity.GenreTests" time="0.011"/>
  <system-out><![CDATA[2021-11-09 02:05:57.325  INFO 3643 --- [    Test worker] .b.t.c.SpringBootTestContextBootstrapper : Neither @ContextConfiguration nor @ContextHierarchy found for test class [com.fullcycle.FCCatalogo.domain.entity.GenreTests], using SpringBootContextLoader
2021-11-09 02:05:57.331  INFO 3643 --- [    Test worker] o.s.t.c.support.AbstractContextLoader    : Could not detect default resource locations for test class [com.fullcycle.FCCatalogo.domain.entity.GenreTests]: no resource found for suffixes {-context.xml, Context.groovy}.
2021-11-09 02:05:57.332  INFO 3643 --- [    Test worker] t.c.s.AnnotationConfigContextLoaderUtils : Could not detect default configuration classes for test class [com.fullcycle.FCCatalogo.domain.entity.GenreTests]: GenreTests does not declare any static, non-private, non-final, nested classes annotated with @Configuration.
2021-11-09 02:05:57.340  INFO 3643 --- [    Test worker] .b.t.c.SpringBootTestContextBootstrapper : Found @SpringBootConfiguration com.fullcycle.FCCatalogo.FcCatalogoApplication for test class com.fullcycle.FCCatalogo.domain.entity.GenreTests
2021-11-09 02:05:57.348  INFO 3643 --- [    Test worker] .b.t.c.SpringBootTestContextBootstrapper : Loaded default TestExecutionListener class names from location [META-INF/spring.factories]: [org.springframework.boot.test.autoconfigure.restdocs.RestDocsTestExecutionListener, org.springframework.boot.test.autoconfigure.web.client.MockRestServiceServerResetTestExecutionListener, org.springframework.boot.test.autoconfigure.web.servlet.MockMvcPrintOnlyOnFailureTestExecutionListener, org.springframework.boot.test.autoconfigure.web.servlet.WebDriverTestExecutionListener, org.springframework.boot.test.autoconfigure.webservices.client.MockWebServiceServerTestExecutionListener, org.springframework.boot.test.mock.mockito.MockitoTestExecutionListener, org.springframework.boot.test.mock.mockito.ResetMocksTestExecutionListener, org.springframework.test.context.web.ServletTestExecutionListener, org.springframework.test.context.support.DirtiesContextBeforeModesTestExecutionListener, org.springframework.test.context.event.ApplicationEventsTestExecutionListener, org.springframework.test.context.support.DependencyInjectionTestExecutionListener, org.springframework.test.context.support.DirtiesContextTestExecutionListener, org.springframework.test.context.transaction.TransactionalTestExecutionListener, org.springframework.test.context.jdbc.SqlScriptsTestExecutionListener, org.springframework.test.context.event.EventPublishingTestExecutionListener]
2021-11-09 02:05:57.353  INFO 3643 --- [    Test worker] .b.t.c.SpringBootTestContextBootstrapper : Using TestExecutionListeners: [org.springframework.test.context.web.ServletTestExecutionListener@175c5c3a, org.springframework.test.context.support.DirtiesContextBeforeModesTestExecutionListener@69a5c6be, org.springframework.test.context.event.ApplicationEventsTestExecutionListener@451e2fa9, org.springframework.boot.test.mock.mockito.MockitoTestExecutionListener@497ed877, org.springframework.boot.test.autoconfigure.SpringBootDependencyInjectionTestExecutionListener@3cb6e0ee, org.springframework.test.context.support.DirtiesContextTestExecutionListener@7b6141f0, org.springframework.test.context.event.EventPublishingTestExecutionListener@4fb64a52, org.springframework.boot.test.autoconfigure.restdocs.RestDocsTestExecutionListener@70b48eb3, org.springframework.boot.test.autoconfigure.web.client.MockRestServiceServerResetTestExecutionListener@7b8ea1db, org.springframework.boot.test.autoconfigure.web.servlet.MockMvcPrintOnlyOnFailureTestExecutionListener@a91119b, org.springframework.boot.test.autoconfigure.web.servlet.WebDriverTestExecutionListener@77083e41, org.springframework.boot.test.autoconfigure.webservices.client.MockWebServiceServerTestExecutionListener@231df705, org.springframework.boot.test.mock.mockito.ResetMocksTestExecutionListener@2d130ac4]
]]></system-out>
  <system-err><![CDATA[]]></system-err>
</testsuite>
