<?xml version="1.0" encoding="UTF-8"?>
<testsuite name="com.fullcycle.FCCatalogo.domain.entity.CategoryTests" tests="4" skipped="0" failures="0" errors="0" timestamp="2021-11-09T02:05:57" hostname="c412884a65ca" time="0.042">
  <properties/>
  <testcase name="throwIllegalArgumentExceptionWhenNameIsBlank()" classname="com.fullcycle.FCCatalogo.domain.entity.CategoryTests" time="0.009"/>
  <testcase name="throwIllegalArgumentExceptionWhenIdIsNull()" classname="com.fullcycle.FCCatalogo.domain.entity.CategoryTests" time="0.012"/>
  <testcase name="createCategory()" classname="com.fullcycle.FCCatalogo.domain.entity.CategoryTests" time="0.01"/>
  <testcase name="throwIllegalArgumentExceptionWhenNameIsNull()" classname="com.fullcycle.FCCatalogo.domain.entity.CategoryTests" time="0.009"/>
  <system-out><![CDATA[2021-11-09 02:05:57.259  INFO 3643 --- [    Test worker] .b.t.c.SpringBootTestContextBootstrapper : Neither @ContextConfiguration nor @ContextHierarchy found for test class [com.fullcycle.FCCatalogo.domain.entity.CategoryTests], using SpringBootContextLoader
2021-11-09 02:05:57.264  INFO 3643 --- [    Test worker] o.s.t.c.support.AbstractContextLoader    : Could not detect default resource locations for test class [com.fullcycle.FCCatalogo.domain.entity.CategoryTests]: no resource found for suffixes {-context.xml, Context.groovy}.
2021-11-09 02:05:57.264  INFO 3643 --- [    Test worker] t.c.s.AnnotationConfigContextLoaderUtils : Could not detect default configuration classes for test class [com.fullcycle.FCCatalogo.domain.entity.CategoryTests]: CategoryTests does not declare any static, non-private, non-final, nested classes annotated with @Configuration.
2021-11-09 02:05:57.267  INFO 3643 --- [    Test worker] .b.t.c.SpringBootTestContextBootstrapper : Found @SpringBootConfiguration com.fullcycle.FCCatalogo.FcCatalogoApplication for test class com.fullcycle.FCCatalogo.domain.entity.CategoryTests
2021-11-09 02:05:57.274  INFO 3643 --- [    Test worker] .b.t.c.SpringBootTestContextBootstrapper : Loaded default TestExecutionListener class names from location [META-INF/spring.factories]: [org.springframework.boot.test.autoconfigure.restdocs.RestDocsTestExecutionListener, org.springframework.boot.test.autoconfigure.web.client.MockRestServiceServerResetTestExecutionListener, org.springframework.boot.test.autoconfigure.web.servlet.MockMvcPrintOnlyOnFailureTestExecutionListener, org.springframework.boot.test.autoconfigure.web.servlet.WebDriverTestExecutionListener, org.springframework.boot.test.autoconfigure.webservices.client.MockWebServiceServerTestExecutionListener, org.springframework.boot.test.mock.mockito.MockitoTestExecutionListener, org.springframework.boot.test.mock.mockito.ResetMocksTestExecutionListener, org.springframework.test.context.web.ServletTestExecutionListener, org.springframework.test.context.support.DirtiesContextBeforeModesTestExecutionListener, org.springframework.test.context.event.ApplicationEventsTestExecutionListener, org.springframework.test.context.support.DependencyInjectionTestExecutionListener, org.springframework.test.context.support.DirtiesContextTestExecutionListener, org.springframework.test.context.transaction.TransactionalTestExecutionListener, org.springframework.test.context.jdbc.SqlScriptsTestExecutionListener, org.springframework.test.context.event.EventPublishingTestExecutionListener]
2021-11-09 02:05:57.277  INFO 3643 --- [    Test worker] .b.t.c.SpringBootTestContextBootstrapper : Using TestExecutionListeners: [org.springframework.test.context.web.ServletTestExecutionListener@272778ae, org.springframework.test.context.support.DirtiesContextBeforeModesTestExecutionListener@2cccf134, org.springframework.test.context.event.ApplicationEventsTestExecutionListener@3c18942, org.springframework.boot.test.mock.mockito.MockitoTestExecutionListener@743c3520, org.springframework.boot.test.autoconfigure.SpringBootDependencyInjectionTestExecutionListener@6842c101, org.springframework.test.context.support.DirtiesContextTestExecutionListener@234cd86c, org.springframework.test.context.event.EventPublishingTestExecutionListener@2c48cede, org.springframework.boot.test.autoconfigure.restdocs.RestDocsTestExecutionListener@39c87b42, org.springframework.boot.test.autoconfigure.web.client.MockRestServiceServerResetTestExecutionListener@47fcefb3, org.springframework.boot.test.autoconfigure.web.servlet.MockMvcPrintOnlyOnFailureTestExecutionListener@236c098, org.springframework.boot.test.autoconfigure.web.servlet.WebDriverTestExecutionListener@68e2d03e, org.springframework.boot.test.autoconfigure.webservices.client.MockWebServiceServerTestExecutionListener@120aa40b, org.springframework.boot.test.mock.mockito.ResetMocksTestExecutionListener@32ab408e]
]]></system-out>
  <system-err><![CDATA[]]></system-err>
</testsuite>
